<?xml version="1.0" encoding="UTF-8"?>
<!-- Generated by org.testng.reporters.JUnitXMLReporter -->
<testsuite ignored="0" hostname="LAPTOP-536IQSF9" failures="1" tests="13" name="Test" time="85.473" errors="0" timestamp="2022-09-20T16:47:57 IST">
  <testcase classname="Tests.signupTest" name="EmailTest" time="2.184"/>
  <testcase classname="Tests.signupTest" name="Signup" time="0.252"/>
  <testcase classname="Tests.signupTest" name="alreadyRegisteredEmail" time="2.53"/>
  <testcase classname="Tests.signupTest" name="passwordTest" time="2.506"/>
  <testcase classname="Tests.signupTest" name="preRegisteredUsername" time="2.262"/>
  <testcase classname="Tests.signupTest" name="usernameTest" time="2.452"/>
  <testcase classname="Tests.signinTest" name="Login" time="0.204"/>
  <testcase classname="Tests.signinTest" name="blankEmail" time="2.582"/>
  <testcase classname="Tests.signinTest" name="blankpassword" time="2.577"/>
  <testcase classname="Tests.signinTest" name="invalidemail" time="2.157"/>
  <testcase classname="Tests.signinTest" name="invalidpassword" time="2.898"/>
  <testcase classname="Tests.artCommTest" name="favTest" time="7.199">
    <failure type="java.lang.AssertionError">
      <![CDATA[java.lang.AssertionError: 
at Tests.artCommTest.favTest(artCommTest.java:25)
at java.base/java.util.ArrayList.forEach(ArrayList.java:1511)
... Removed 30 stack frames]]>
    </failure>
  </testcase> <!-- favTest -->
  <testcase classname="Tests.postArticleTest" name="withoutArticleTitle" time="4.653"/>
</testsuite> <!-- Test -->
