<?xml version="1.0" encoding="UTF-8"?>
<testng-results ignored="0" total="1" passed="1" failed="0" skipped="0">
  <reporter-output>
  </reporter-output>
  <suite started-at="2022-09-20T23:10:14 IST" name="Default suite" finished-at="2022-09-20T23:10:26 IST" duration-ms="11472">
    <groups>
    </groups>
    <test started-at="2022-09-20T23:10:14 IST" name="Default test" finished-at="2022-09-20T23:10:26 IST" duration-ms="11472">
      <class name="Tests.signinTest">
        <test-method is-config="true" signature="launchApplication()[pri:0, instance:Tests.signinTest@7bd4937b]" started-at="2022-09-20T23:10:14 IST" name="launchApplication" finished-at="2022-09-20T23:10:20 IST" duration-ms="6066" status="PASS">
          <reporter-output>
          </reporter-output>
        </test-method> <!-- launchApplication -->
        <test-method signature="Login()[pri:0, instance:Tests.signinTest@7bd4937b]" started-at="2022-09-20T23:10:20 IST" name="Login" finished-at="2022-09-20T23:10:26 IST" duration-ms="5340" status="PASS">
          <reporter-output>
          </reporter-output>
        </test-method> <!-- Login -->
        <test-method is-config="true" signature="closeDriver()[pri:0, instance:Tests.signinTest@7bd4937b]" started-at="2022-09-20T23:10:26 IST" name="closeDriver" finished-at="2022-09-20T23:10:26 IST" duration-ms="35" status="PASS">
          <reporter-output>
          </reporter-output>
        </test-method> <!-- closeDriver -->
      </class> <!-- Tests.signinTest -->
    </test> <!-- Default test -->
  </suite> <!-- Default suite -->
</testng-results>
